301	1	0	2	0	00301.jpg
676	1	2	0	0	00676.jpg
268	1	2	0	0	00268.jpg
681	1	1	0	0	00681.jpg
598	0	1	0	0	00598.jpg
304	0	0	1	0	00304.jpg
1377	0	0	0	0	01377.jpg
1115	1	0	0	0	01115.jpg
1164	0	0	0	0	01164.jpg
746	0	2	0	0	00746.jpg
450	1	0	3	0	00450.jpg
834	1	0	0	1	00834.jpg
211	0	0	1	0	00211.jpg
1000	0	0	0	1	01000.jpg
7	1	0	3	0	00007.jpg
655	1	1	0	0	00655.jpg
567	0	0	3	0	00567.jpg
863	1	0	0	1	00863.jpg
1004	0	0	0	1	01004.jpg
1045	0	0	0	1	01045.jpg
1305	0	0	0	0	01305.jpg
552	1	2	0	0	00552.jpg
288	1	2	0	1	00288.jpg
340	1	2	0	0	00340.jpg
686	1	0	3	0	00686.jpg
1344	0	0	0	0	01344.jpg
707	0	0	1	1	00707.jpg
489	0	2	0	0	00489.jpg
862	0	2	0	1	00862.jpg
104	1	0	3	0	00104.jpg
985	1	0	0	1	00985.jpg
669	1	2	0	0	00669.jpg
898	1	0	0	1	00898.jpg
577	1	0	1	0	00577.jpg
891	1	2	0	1	00891.jpg
604	0	2	2	0	00604.jpg
80	1	2	0	0	00080.jpg
996	0	0	0	1	00996.jpg
685	1	0	3	0	00685.jpg
193	0	1	0	0	00193.jpg
691	0	0	3	0	00691.jpg
1310	0	0	0	0	01310.jpg
187	0	1	0	0	00187.jpg
814	1	0	0	1	00814.jpg
267	0	2	0	0	00267.jpg
916	0	0	0	1	00916.jpg
1146	0	0	0	0	01146.jpg
1275	1	0	0	0	01275.jpg
813	1	2	0	0	00813.jpg
139	0	2	0	0	00139.jpg
1016	0	0	0	1	01016.jpg
134	0	2	0	1	00134.jpg
940	1	1	0	1	00940.jpg
1198	0	0	0	0	01198.jpg
205	0	1	0	0	00205.jpg
951	0	0	0	1	00951.jpg
1005	0	0	0	1	01005.jpg
684	1	0	2	0	00684.jpg
533	1	2	0	0	00533.jpg
1399	1	1	0	0	01399.jpg
357	0	1	1	0	00357.jpg
776	1	2	0	0	00776.jpg
827	1	0	0	1	00827.jpg
300	0	0	1	1	00300.jpg
745	1	0	3	0	00745.jpg
1354	0	0	0	0	01354.jpg
488	1	2	0	0	00488.jpg
1049	1	0	0	1	01049.jpg
1244	1	0	0	0	01244.jpg
106	1	2	0	0	00106.jpg
312	1	2	0	1	00312.jpg
339	1	0	3	0	00339.jpg
462	1	0	3	0	00462.jpg
601	0	2	2	0	00601.jpg
265	1	2	0	0	00265.jpg
409	1	0	2	0	00409.jpg
403	1	2	0	0	00403.jpg
444	1	0	2	0	00444.jpg
1323	0	0	0	0	01323.jpg
233	1	2	0	0	00233.jpg
1278	1	0	0	0	01278.jpg
96	1	0	3	0	00096.jpg
342	0	2	1	0	00342.jpg
965	1	0	0	1	00965.jpg
292	1	2	0	0	00292.jpg
812	0	2	0	0	00812.jpg
1405	0	0	0	0	01405.jpg
369	1	0	2	0	00369.jpg
16	1	0	1	0	00016.jpg
1118	1	0	0	0	01118.jpg
758	0	2	0	0	00758.jpg
256	1	0	3	1	00256.jpg
110	1	0	3	0	00110.jpg
1220	0	0	0	0	01220.jpg
1148	0	0	0	0	01148.jpg
1340	0	0	0	0	01340.jpg
861	1	0	0	1	00861.jpg
538	1	2	0	0	00538.jpg
717	0	0	1	0	00717.jpg
141	0	1	0	0	00141.jpg
1218	0	0	0	0	01218.jpg
1211	0	0	0	0	01211.jpg
321	1	0	3	0	00321.jpg
1021	1	2	0	1	01021.jpg
695	0	0	1	0	00695.jpg
864	0	0	0	1	00864.jpg
794	0	2	0	0	00794.jpg
849	1	0	0	1	00849.jpg
374	1	0	2	0	00374.jpg
1130	0	0	0	0	01130.jpg
750	0	2	0	0	00750.jpg
446	1	0	3	1	00446.jpg
443	0	0	3	1	00443.jpg
995	0	0	0	1	00995.jpg
1270	0	0	0	0	01270.jpg
245	1	0	0	0	00245.jpg
124	1	2	0	0	00124.jpg
24	0	0	2	0	00024.jpg
900	1	0	0	1	00900.jpg
1364	0	0	0	1	01364.jpg
1012	0	0	0	1	01012.jpg
306	1	1	2	0	00306.jpg
846	0	0	0	1	00846.jpg
1080	0	0	0	1	01080.jpg
1162	0	0	0	0	01162.jpg
907	0	0	0	1	00907.jpg
1084	0	1	0	1	01084.jpg
366	0	2	0	1	00366.jpg
1071	1	0	0	1	01071.jpg
1245	1	0	0	0	01245.jpg
1388	0	1	0	0	01388.jpg
472	1	2	0	0	00472.jpg
463	1	0	2	0	00463.jpg
186	0	1	0	0	00186.jpg
657	0	1	0	0	00657.jpg
1106	1	0	0	0	01106.jpg
840	1	0	0	1	00840.jpg
734	1	0	2	0	00734.jpg
1202	0	0	0	0	01202.jpg
1035	1	0	0	1	01035.jpg
503	1	0	2	0	00503.jpg
464	0	2	0	0	00464.jpg
1175	1	0	0	0	01175.jpg
32	1	0	3	0	00032.jpg
738	1	2	0	0	00738.jpg
613	0	2	0	0	00613.jpg
50	0	2	0	0	00050.jpg
493	0	0	1	0	00493.jpg
152	0	0	1	1	00152.jpg
255	0	0	2	1	00255.jpg
740	1	2	0	0	00740.jpg
1300	1	0	0	0	01300.jpg
235	0	1	0	0	00235.jpg
1032	0	0	0	1	01032.jpg
478	1	0	2	0	00478.jpg
364	1	0	3	0	00364.jpg
383	1	0	3	0	00383.jpg
713	0	0	3	0	00713.jpg
1079	1	0	0	1	01079.jpg
851	0	2	0	1	00851.jpg
519	1	1	2	0	00519.jpg
1105	1	0	0	0	01105.jpg
1081	0	0	0	1	01081.jpg
1099	0	0	0	0	01099.jpg
855	1	0	0	1	00855.jpg
1163	0	0	0	0	01163.jpg
724	1	0	3	0	00724.jpg
1138	0	0	0	0	01138.jpg
5	1	0	3	0	00005.jpg
934	0	0	0	1	00934.jpg
51	0	0	1	0	00051.jpg
1166	0	0	0	0	01166.jpg
1009	1	0	0	1	01009.jpg
433	1	0	2	0	00433.jpg
217	1	2	0	0	00217.jpg
373	1	2	0	0	00373.jpg
729	0	0	3	0	00729.jpg
1136	0	0	0	0	01136.jpg
1168	0	0	0	0	01168.jpg
145	0	2	0	0	00145.jpg
147	0	2	0	0	00147.jpg
310	1	2	0	0	00310.jpg
263	0	2	0	1	00263.jpg
359	1	2	0	0	00359.jpg
720	1	0	2	1	00720.jpg
351	1	0	2	0	00351.jpg
163	0	1	0	0	00163.jpg
969	1	0	0	1	00969.jpg
1362	0	0	0	1	01362.jpg
1179	0	0	0	0	01179.jpg
908	0	0	3	1	00908.jpg
1091	0	0	0	1	01091.jpg
1064	0	0	0	1	01064.jpg
35	1	2	0	0	00035.jpg
1285	0	0	0	1	01285.jpg
763	0	0	2	0	00763.jpg
1359	1	0	0	0	01359.jpg
1028	1	0	0	1	01028.jpg
950	0	0	0	1	00950.jpg
123	1	0	3	0	00123.jpg
576	1	0	1	0	00576.jpg
1412	1	0	0	0	01412.jpg
618	0	2	0	0	00618.jpg
1025	0	0	0	1	01025.jpg
831	1	0	0	1	00831.jpg
534	0	0	2	0	00534.jpg
467	0	2	0	0	00467.jpg
131	1	0	3	0	00131.jpg
1171	0	0	0	0	01171.jpg
67	1	0	3	0	00067.jpg
1322	1	0	0	0	01322.jpg
1212	0	0	0	1	01212.jpg
99	1	2	0	0	00099.jpg
693	0	0	1	0	00693.jpg
156	0	2	0	0	00156.jpg
138	1	0	3	0	00138.jpg
81	1	0	3	0	00081.jpg
666	1	1	0	0	00666.jpg
474	1	0	2	0	00474.jpg
885	0	2	0	1	00885.jpg
1219	1	0	0	0	01219.jpg
42	1	2	0	0	00042.jpg
506	0	2	0	0	00506.jpg
801	0	2	0	0	00801.jpg
44	0	2	0	0	00044.jpg
283	1	2	0	0	00283.jpg
440	1	0	2	1	00440.jpg
43	1	0	3	0	00043.jpg
677	1	2	0	0	00677.jpg
1361	0	0	0	1	01361.jpg
910	1	0	0	1	00910.jpg
1266	0	0	0	0	01266.jpg
890	1	0	0	1	00890.jpg
166	0	1	0	0	00166.jpg
920	0	0	0	1	00920.jpg
100	0	2	0	0	00100.jpg
1038	1	0	0	1	01038.jpg
1246	1	0	0	0	01246.jpg
1121	1	0	0	0	01121.jpg
994	0	0	0	1	00994.jpg
165	0	2	0	1	00165.jpg
761	1	0	2	0	00761.jpg
1337	0	0	0	0	01337.jpg
1052	1	0	0	1	01052.jpg
1286	0	0	0	0	01286.jpg
1393	1	0	0	0	01393.jpg
537	0	2	0	0	00537.jpg
1386	0	0	0	0	01386.jpg
1068	0	0	0	1	01068.jpg
362	1	0	2	0	00362.jpg
1011	1	0	0	1	01011.jpg
766	1	2	0	0	00766.jpg
222	0	2	0	0	00222.jpg
242	0	0	2	0	00242.jpg
911	0	0	2	1	00911.jpg
522	0	0	1	0	00522.jpg
1296	1	0	0	0	01296.jpg
1191	1	2	0	1	01191.jpg
1210	0	0	0	0	01210.jpg
1008	0	0	0	1	01008.jpg
735	0	1	1	1	00735.jpg
119	1	0	2	0	00119.jpg
710	0	1	2	0	00710.jpg
155	0	2	0	0	00155.jpg
361	1	2	0	0	00361.jpg
688	1	0	3	0	00688.jpg
943	0	0	0	1	00943.jpg
1348	0	0	0	0	01348.jpg
1336	1	0	0	0	01336.jpg
266	0	2	0	1	00266.jpg
806	1	2	0	0	00806.jpg
1257	0	1	0	0	01257.jpg
1379	0	0	0	0	01379.jpg
741	0	0	1	0	00741.jpg
699	1	0	3	0	00699.jpg
570	0	0	3	0	00570.jpg
1141	0	0	0	0	01141.jpg
548	1	2	0	0	00548.jpg
29	0	2	0	0	00029.jpg
1392	1	0	0	0	01392.jpg
547	1	2	0	0	00547.jpg
926	0	0	0	1	00926.jpg
977	0	0	0	1	00977.jpg
338	1	1	2	0	00338.jpg
470	1	2	0	1	00470.jpg
449	0	2	0	0	00449.jpg
1397	0	0	0	0	01397.jpg
1403	1	0	0	0	01403.jpg
1333	0	0	0	0	01333.jpg
627	1	2	0	0	00627.jpg
1193	0	0	0	0	01193.jpg
1249	0	1	0	0	01249.jpg
1283	0	0	0	1	01283.jpg
225	0	2	0	0	00225.jpg
915	1	0	3	1	00915.jpg
1094	0	0	0	1	01094.jpg
634	1	2	0	0	00634.jpg
852	1	0	0	1	00852.jpg
1059	1	0	0	1	01059.jpg
352	1	0	2	0	00352.jpg
637	0	2	0	0	00637.jpg
387	1	2	0	0	00387.jpg
894	0	0	0	1	00894.jpg
372	1	0	2	0	00372.jpg
1373	0	0	0	0	01373.jpg
925	1	0	0	1	00925.jpg
807	1	2	0	0	00807.jpg
26	1	0	1	0	00026.jpg
1014	1	0	0	1	01014.jpg
468	1	2	0	0	00468.jpg
818	1	0	0	1	00818.jpg
1401	0	0	0	1	01401.jpg
189	1	0	0	0	00189.jpg
648	1	1	0	0	00648.jpg
1072	1	2	0	1	01072.jpg
511	1	2	0	0	00511.jpg
1213	1	0	0	0	01213.jpg
492	1	2	0	0	00492.jpg
784	1	2	0	0	00784.jpg
1101	0	0	0	0	01101.jpg
74	1	1	0	0	00074.jpg
1027	1	0	0	1	01027.jpg
92	0	2	0	0	00092.jpg
405	1	1	2	0	00405.jpg
118	1	2	0	1	00118.jpg
660	1	2	0	0	00660.jpg
1196	0	1	0	1	01196.jpg
554	1	2	0	0	00554.jpg
804	0	2	0	0	00804.jpg
1001	1	0	0	1	01001.jpg
316	1	0	2	0	00316.jpg
1056	1	2	0	1	01056.jpg
1087	1	0	0	1	01087.jpg
169	0	1	0	0	00169.jpg
146	0	2	0	0	00146.jpg
280	1	2	0	0	00280.jpg
417	0	2	0	0	00417.jpg
345	0	1	2	0	00345.jpg
573	1	0	2	0	00573.jpg
347	0	2	0	0	00347.jpg
1051	1	2	0	1	01051.jpg
596	0	0	3	0	00596.jpg
66	1	2	0	0	00066.jpg
672	1	1	0	0	00672.jpg
31	0	2	0	0	00031.jpg
808	1	2	0	0	00808.jpg
194	1	0	3	0	00194.jpg
496	0	1	2	0	00496.jpg
1093	0	0	0	1	01093.jpg
348	1	2	0	0	00348.jpg
1233	0	1	0	0	01233.jpg
1281	0	1	0	0	01281.jpg
1178	1	0	0	0	01178.jpg
1229	0	0	0	0	01229.jpg
1122	0	0	0	0	01122.jpg
1339	0	0	0	0	01339.jpg
1026	0	2	0	1	01026.jpg
57	0	1	0	0	00057.jpg
770	0	2	0	0	00770.jpg
485	1	0	3	0	00485.jpg
132	1	2	0	0	00132.jpg
322	1	0	2	0	00322.jpg
962	1	0	0	1	00962.jpg
195	1	0	3	0	00195.jpg
644	0	2	0	0	00644.jpg
445	0	2	0	0	00445.jpg
305	1	0	2	0	00305.jpg
285	1	0	0	1	00285.jpg
458	0	1	3	0	00458.jpg
1261	1	0	0	1	01261.jpg
370	1	2	0	0	00370.jpg
549	1	0	2	0	00549.jpg
972	0	0	0	1	00972.jpg
579	0	0	1	0	00579.jpg
416	1	0	3	0	00416.jpg
170	0	1	0	0	00170.jpg
797	1	0	2	0	00797.jpg
947	0	0	0	1	00947.jpg
817	1	0	0	1	00817.jpg
518	0	2	0	1	00518.jpg
1224	1	0	0	0	01224.jpg
313	1	2	0	0	00313.jpg
56	1	0	3	0	00056.jpg
872	1	0	0	1	00872.jpg
343	1	0	3	0	00343.jpg
1042	1	0	0	1	01042.jpg
874	1	0	0	1	00874.jpg
946	0	0	0	1	00946.jpg
881	1	0	0	1	00881.jpg
749	1	0	2	0	00749.jpg
791	1	0	3	0	00791.jpg
1319	1	0	0	0	01319.jpg
727	0	0	1	1	00727.jpg
976	1	2	0	1	00976.jpg
379	1	2	0	0	00379.jpg
558	1	0	2	0	00558.jpg
77	1	2	0	0	00077.jpg
1240	1	0	0	0	01240.jpg
1055	1	0	0	1	01055.jpg
680	0	1	0	0	00680.jpg
765	0	0	2	0	00765.jpg
1205	1	1	0	0	01205.jpg
788	0	2	0	0	00788.jpg
1230	0	0	0	0	01230.jpg
329	1	0	2	0	00329.jpg
620	0	1	0	0	00620.jpg
404	1	0	3	0	00404.jpg
633	0	2	0	0	00633.jpg
880	0	1	0	1	00880.jpg
1019	1	0	0	1	01019.jpg
1280	1	0	0	1	01280.jpg
188	0	1	0	0	00188.jpg
607	0	2	0	0	00607.jpg
1408	1	0	0	0	01408.jpg
11	1	2	0	0	00011.jpg
901	1	0	0	1	00901.jpg
661	0	1	0	0	00661.jpg
645	1	1	0	0	00645.jpg
810	1	2	0	0	00810.jpg
1092	0	0	0	1	01092.jpg
1329	1	0	0	0	01329.jpg
1063	0	0	0	1	01063.jpg
240	0	1	0	1	00240.jpg
1309	1	0	0	0	01309.jpg
1054	0	2	0	1	01054.jpg
1290	1	0	0	0	01290.jpg
643	1	1	0	0	00643.jpg
293	0	2	0	0	00293.jpg
355	1	2	0	0	00355.jpg
408	1	2	0	0	00408.jpg
884	0	0	0	1	00884.jpg
967	0	1	0	1	00967.jpg
58	1	1	0	0	00058.jpg
757	1	2	2	1	00757.jpg
365	0	2	0	1	00365.jpg
69	1	1	0	0	00069.jpg
712	1	0	2	0	00712.jpg
922	1	0	0	1	00922.jpg
1172	1	0	0	0	01172.jpg
1324	0	1	0	0	01324.jpg
917	1	0	0	1	00917.jpg
608	0	1	0	1	00608.jpg
97	0	2	0	0	00097.jpg
438	0	0	3	1	00438.jpg
1396	0	0	0	0	01396.jpg
356	1	2	0	0	00356.jpg
1302	1	0	0	0	01302.jpg
612	0	2	0	0	00612.jpg
1410	1	0	0	0	01410.jpg
624	0	2	0	0	00624.jpg
585	1	1	3	0	00585.jpg
244	1	0	2	0	00244.jpg
1159	0	0	0	0	01159.jpg
711	1	0	2	0	00711.jpg
811	1	2	0	0	00811.jpg
703	0	0	2	0	00703.jpg
1394	1	1	0	1	01394.jpg
1214	1	0	0	0	01214.jpg
198	1	0	3	0	00198.jpg
673	0	2	0	0	00673.jpg
774	1	2	0	0	00774.jpg
173	0	0	0	0	00173.jpg
1398	0	1	0	0	01398.jpg
566	0	0	3	0	00566.jpg
1058	1	2	0	1	01058.jpg
28	1	0	1	0	00028.jpg
371	1	1	2	0	00371.jpg
482	1	1	3	0	00482.jpg
65	1	0	3	0	00065.jpg
85	1	2	0	0	00085.jpg
990	1	0	0	1	00990.jpg
76	1	0	3	0	00076.jpg
1369	1	0	0	0	01369.jpg
349	1	0	2	0	00349.jpg
937	1	0	0	1	00937.jpg
1226	0	1	0	0	01226.jpg
201	0	0	1	1	00201.jpg
689	0	0	3	0	00689.jpg
1378	0	0	0	0	01378.jpg
902	1	0	0	1	00902.jpg
582	1	2	0	0	00582.jpg
1404	1	0	0	0	01404.jpg
767	0	0	3	1	00767.jpg
236	1	0	2	0	00236.jpg
273	1	2	0	0	00273.jpg
704	0	0	3	0	00704.jpg
755	0	2	1	1	00755.jpg
335	0	0	2	0	00335.jpg
183	0	1	0	0	00183.jpg
982	1	0	0	1	00982.jpg
336	0	0	2	1	00336.jpg
914	0	0	2	1	00914.jpg
1186	0	0	0	0	01186.jpg
993	1	0	0	1	00993.jpg
935	0	0	0	1	00935.jpg
1225	0	1	0	0	01225.jpg
1057	0	2	0	1	01057.jpg
221	1	1	0	0	00221.jpg
1020	1	0	0	1	01020.jpg
192	0	1	0	0	00192.jpg
1149	0	0	0	0	01149.jpg
1288	1	0	0	0	01288.jpg
1372	0	0	0	1	01372.jpg
1018	0	0	0	1	01018.jpg
1346	0	0	0	1	01346.jpg
1	1	0	2	0	00001.jpg
1316	0	0	0	0	01316.jpg
1190	0	1	2	1	01190.jpg
1065	1	0	0	1	01065.jpg
1317	1	0	0	0	01317.jpg
254	1	0	3	0	00254.jpg
1088	0	0	0	1	01088.jpg
1391	0	0	0	0	01391.jpg
1133	0	0	0	0	01133.jpg
68	0	2	0	0	00068.jpg
63	1	0	3	0	00063.jpg
107	0	0	3	0	00107.jpg
1311	1	0	0	0	01311.jpg
1350	0	0	0	0	01350.jpg
562	1	2	0	0	00562.jpg
961	0	0	0	1	00961.jpg
1366	0	0	0	0	01366.jpg
1307	1	0	0	0	01307.jpg
1259	1	1	0	0	01259.jpg
975	1	0	0	1	00975.jpg
594	1	2	0	1	00594.jpg
760	0	2	0	0	00760.jpg
86	1	2	0	0	00086.jpg
1125	1	0	3	0	01125.jpg
101	0	2	0	0	00101.jpg
960	0	2	0	1	00960.jpg
1241	0	0	0	0	01241.jpg
1174	1	0	0	0	01174.jpg
1208	0	0	0	1	01208.jpg
535	1	0	3	0	00535.jpg
284	1	0	2	0	00284.jpg
308	0	2	0	0	00308.jpg
1301	0	0	0	0	01301.jpg
207	0	1	0	0	00207.jpg
1242	1	0	0	0	01242.jpg
592	1	2	0	1	00592.jpg
246	0	0	2	1	00246.jpg
358	1	2	0	0	00358.jpg
88	1	2	0	0	00088.jpg
427	0	2	0	0	00427.jpg
341	1	0	2	0	00341.jpg
815	1	0	0	1	00815.jpg
209	0	1	0	0	00209.jpg
0	1	2	0	0	00000.jpg
785	1	0	2	0	00785.jpg
1173	1	0	0	0	01173.jpg
378	1	2	0	0	00378.jpg
94	0	2	0	1	00094.jpg
1357	0	1	0	0	01357.jpg
115	0	2	0	0	00115.jpg
1367	0	0	0	0	01367.jpg
499	0	2	0	0	00499.jpg
526	0	2	0	1	00526.jpg
936	1	0	0	1	00936.jpg
434	1	1	3	0	00434.jpg
483	1	0	2	0	00483.jpg
125	0	0	0	0	00125.jpg
1069	1	0	0	1	01069.jpg
487	0	2	0	0	00487.jpg
179	0	1	0	0	00179.jpg
909	0	1	0	1	00909.jpg
454	1	0	3	0	00454.jpg
944	0	0	0	1	00944.jpg
418	1	2	0	0	00418.jpg
87	1	0	1	0	00087.jpg
897	1	0	0	1	00897.jpg
212	0	1	1	0	00212.jpg
135	1	2	0	1	00135.jpg
790	1	2	0	0	00790.jpg
116	1	0	3	0	00116.jpg
453	1	0	3	0	00453.jpg
578	1	0	1	0	00578.jpg
12	1	0	1	0	00012.jpg
55	1	0	2	0	00055.jpg
854	1	0	0	1	00854.jpg
630	1	2	0	0	00630.jpg
393	0	2	0	0	00393.jpg
1294	1	0	0	0	01294.jpg
13	1	2	0	0	00013.jpg
160	0	2	0	1	00160.jpg
610	0	1	0	0	00610.jpg
400	1	2	0	0	00400.jpg
302	1	0	3	0	00302.jpg
461	1	0	3	1	00461.jpg
315	1	0	2	0	00315.jpg
989	1	0	0	1	00989.jpg
368	1	0	3	0	00368.jpg
272	1	2	0	0	00272.jpg
931	0	0	0	1	00931.jpg
888	0	2	0	1	00888.jpg
1204	1	0	0	0	01204.jpg
696	1	0	3	0	00696.jpg
471	1	2	0	0	00471.jpg
1222	1	0	0	0	01222.jpg
1199	0	0	0	0	01199.jpg
413	1	0	2	0	00413.jpg
332	1	0	2	0	00332.jpg
647	0	1	0	0	00647.jpg
117	0	0	0	0	00117.jpg
219	1	2	0	0	00219.jpg
459	1	2	0	0	00459.jpg
39	1	0	2	0	00039.jpg
477	0	2	0	0	00477.jpg
1223	1	0	0	0	01223.jpg
1274	1	0	0	1	01274.jpg
423	1	0	2	0	00423.jpg
775	1	2	3	0	00775.jpg
298	1	1	3	0	00298.jpg
697	0	0	1	0	00697.jpg
226	0	2	0	0	00226.jpg
41	1	0	3	0	00041.jpg
752	1	2	0	0	00752.jpg
385	1	2	0	0	00385.jpg
428	1	2	0	0	00428.jpg
1352	0	0	0	0	01352.jpg
744	1	2	0	0	00744.jpg
1318	1	0	0	0	01318.jpg
615	0	2	0	0	00615.jpg
1139	0	0	0	0	01139.jpg
921	1	2	0	1	00921.jpg
241	1	1	2	0	00241.jpg
1039	1	0	0	1	01039.jpg
1156	0	0	0	0	01156.jpg
793	1	0	2	0	00793.jpg
1320	1	0	0	0	01320.jpg
904	0	0	0	1	00904.jpg
390	1	0	1	0	00390.jpg
126	0	2	0	0	00126.jpg
1330	0	0	0	0	01330.jpg
590	1	2	0	1	00590.jpg
955	0	0	0	1	00955.jpg
781	0	0	3	0	00781.jpg
1090	0	0	0	1	01090.jpg
479	1	0	2	0	00479.jpg
274	0	2	0	0	00274.jpg
587	1	2	0	1	00587.jpg
772	1	2	0	0	00772.jpg
899	1	0	0	1	00899.jpg
1155	0	0	0	0	01155.jpg
1345	0	0	0	0	01345.jpg
656	1	1	0	0	00656.jpg
903	0	0	0	1	00903.jpg
953	1	0	0	1	00953.jpg
611	1	2	0	0	00611.jpg
674	1	2	0	0	00674.jpg
1234	1	0	0	1	01234.jpg
30	1	0	2	0	00030.jpg
1370	0	0	0	0	01370.jpg
876	0	0	0	1	00876.jpg
889	1	0	0	1	00889.jpg
1368	0	0	0	0	01368.jpg
1126	0	0	0	0	01126.jpg
956	1	0	0	1	00956.jpg
1228	0	0	0	1	01228.jpg
1287	1	0	0	0	01287.jpg
196	1	0	3	0	00196.jpg
1113	1	0	0	0	01113.jpg
1200	0	0	0	0	01200.jpg
294	0	2	0	0	00294.jpg
37	1	0	2	0	00037.jpg
930	1	0	0	1	00930.jpg
19	1	2	0	0	00019.jpg
1029	1	0	0	1	01029.jpg
848	1	0	0	1	00848.jpg
782	0	2	0	0	00782.jpg
869	1	0	0	1	00869.jpg
730	0	0	3	0	00730.jpg
190	0	1	0	0	00190.jpg
865	1	0	0	1	00865.jpg
296	0	2	0	0	00296.jpg
1237	1	0	0	0	01237.jpg
1351	1	0	0	0	01351.jpg
108	0	2	0	0	00108.jpg
1070	0	0	0	1	01070.jpg
1103	0	0	0	0	01103.jpg
191	0	1	0	0	00191.jpg
1036	0	0	0	1	01036.jpg
599	0	1	0	0	00599.jpg
843	1	0	0	1	00843.jpg
589	0	2	0	1	00589.jpg
1360	0	0	0	1	01360.jpg
1251	1	0	0	0	01251.jpg
799	1	2	0	0	00799.jpg
768	0	2	0	1	00768.jpg
968	1	0	0	1	00968.jpg
1273	0	1	0	0	01273.jpg
1151	0	0	0	0	01151.jpg
1095	1	0	0	1	01095.jpg
923	1	0	0	1	00923.jpg
1395	0	0	0	0	01395.jpg
796	1	2	0	0	00796.jpg
546	0	2	0	0	00546.jpg
692	1	0	1	0	00692.jpg
1306	1	0	0	0	01306.jpg
419	0	1	2	0	00419.jpg
595	0	0	2	0	00595.jpg
1264	1	0	0	0	01264.jpg
789	0	1	3	0	00789.jpg
524	0	0	3	0	00524.jpg
802	0	2	0	0	00802.jpg
502	1	0	3	1	00502.jpg
588	1	2	0	1	00588.jpg
324	1	0	2	1	00324.jpg
631	0	2	0	0	00631.jpg
646	1	1	0	0	00646.jpg
1347	1	0	0	0	01347.jpg
303	1	0	3	0	00303.jpg
429	1	0	2	0	00429.jpg
521	0	0	1	0	00521.jpg
1033	1	0	0	1	01033.jpg
829	1	0	0	1	00829.jpg
510	1	0	3	0	00510.jpg
278	0	2	0	0	00278.jpg
515	0	0	1	0	00515.jpg
436	0	1	3	0	00436.jpg
495	1	2	0	0	00495.jpg
1104	1	0	0	0	01104.jpg
269	1	0	0	0	00269.jpg
1117	1	0	0	0	01117.jpg
906	0	0	0	1	00906.jpg
640	1	2	0	0	00640.jpg
45	1	0	2	0	00045.jpg
172	0	1	0	0	00172.jpg
54	0	2	0	0	00054.jpg
411	1	0	2	0	00411.jpg
1161	0	0	0	0	01161.jpg
111	0	1	0	0	00111.jpg
227	0	2	0	0	00227.jpg
1291	0	0	0	0	01291.jpg
314	0	2	0	0	00314.jpg
2	1	2	0	0	00002.jpg
830	1	0	0	1	00830.jpg
992	1	0	0	1	00992.jpg
384	0	2	0	0	00384.jpg
480	1	0	2	0	00480.jpg
460	0	2	1	1	00460.jpg
1013	1	0	0	1	01013.jpg
550	0	0	2	0	00550.jpg
1326	1	0	0	0	01326.jpg
46	1	2	0	0	00046.jpg
557	1	0	3	0	00557.jpg
162	0	1	0	0	00162.jpg
556	1	2	0	0	00556.jpg
112	1	0	3	0	00112.jpg
516	1	2	0	1	00516.jpg
237	1	0	0	0	00237.jpg
297	0	0	2	0	00297.jpg
527	1	0	3	0	00527.jpg
1314	0	0	0	0	01314.jpg
658	0	1	0	1	00658.jpg
133	0	0	0	0	00133.jpg
606	0	1	2	0	00606.jpg
683	1	0	2	0	00683.jpg
1255	1	0	0	1	01255.jpg
715	0	0	1	0	00715.jpg
586	1	1	3	0	00586.jpg
275	0	2	0	0	00275.jpg
753	0	0	2	0	00753.jpg
476	1	0	3	0	00476.jpg
350	1	2	0	0	00350.jpg
363	1	0	2	1	00363.jpg
1303	1	0	0	0	01303.jpg
447	1	0	2	0	00447.jpg
504	1	0	3	0	00504.jpg
137	1	2	0	0	00137.jpg
732	0	0	2	1	00732.jpg
543	1	0	2	0	00543.jpg
1295	1	0	0	0	01295.jpg
805	0	2	0	0	00805.jpg
1258	0	0	0	1	01258.jpg
886	1	0	0	1	00886.jpg
1279	1	0	0	0	01279.jpg
252	0	2	1	1	00252.jpg
229	1	0	0	0	00229.jpg
858	0	2	0	1	00858.jpg
176	1	1	0	0	00176.jpg
432	1	2	0	0	00432.jpg
1380	0	0	0	0	01380.jpg
679	0	1	0	0	00679.jpg
149	0	0	0	0	00149.jpg
706	0	0	3	0	00706.jpg
344	1	2	0	0	00344.jpg
1034	0	0	0	1	01034.jpg
1195	0	1	0	0	01195.jpg
491	1	0	2	0	00491.jpg
1332	1	0	0	1	01332.jpg
625	0	2	0	0	00625.jpg
964	1	0	0	1	00964.jpg
481	1	0	3	1	00481.jpg
457	1	2	0	1	00457.jpg
652	1	1	0	0	00652.jpg
974	0	0	0	1	00974.jpg
271	0	2	0	0	00271.jpg
651	0	1	0	0	00651.jpg
569	0	0	3	0	00569.jpg
1216	1	0	0	0	01216.jpg
583	1	2	3	0	00583.jpg
705	1	0	2	0	00705.jpg
816	1	0	0	1	00816.jpg
1407	1	0	0	0	01407.jpg
983	1	0	0	1	00983.jpg
1267	0	0	0	0	01267.jpg
626	0	2	0	0	00626.jpg
72	1	2	0	0	00072.jpg
1158	0	0	0	0	01158.jpg
698	0	0	1	0	00698.jpg
247	1	0	3	0	00247.jpg
1187	0	0	0	0	01187.jpg
845	0	2	0	1	00845.jpg
1077	0	0	0	1	01077.jpg
319	1	2	0	0	00319.jpg
249	1	0	2	0	00249.jpg
593	0	2	0	1	00593.jpg
213	0	1	0	0	00213.jpg
1180	1	0	0	0	01180.jpg
780	0	2	0	0	00780.jpg
857	1	0	0	1	00857.jpg
281	1	0	3	0	00281.jpg
330	1	0	3	1	00330.jpg
786	0	2	0	0	00786.jpg
279	1	2	0	0	00279.jpg
1192	1	0	0	0	01192.jpg
1260	1	0	0	0	01260.jpg
1147	0	0	0	0	01147.jpg
1170	1	0	0	0	01170.jpg
248	1	0	3	0	00248.jpg
3	1	2	0	0	00003.jpg
1243	0	0	0	0	01243.jpg
431	1	0	2	0	00431.jpg
1169	0	0	0	0	01169.jpg
230	0	0	0	0	00230.jpg
1177	1	0	0	0	01177.jpg
282	1	0	2	1	00282.jpg
34	1	0	3	0	00034.jpg
1238	1	0	0	0	01238.jpg
929	1	0	0	1	00929.jpg
1047	1	0	0	1	01047.jpg
253	1	0	0	0	00253.jpg
1100	0	0	0	0	01100.jpg
223	0	2	0	0	00223.jpg
1142	0	0	0	0	01142.jpg
879	1	0	0	1	00879.jpg
402	1	2	0	1	00402.jpg
798	0	2	0	0	00798.jpg
9	1	0	3	0	00009.jpg
564	1	0	2	0	00564.jpg
143	1	0	3	0	00143.jpg
541	0	0	3	0	00541.jpg
486	1	2	0	0	00486.jpg
970	0	0	0	1	00970.jpg
1017	1	0	0	1	01017.jpg
1206	1	0	0	1	01206.jpg
1375	1	0	0	0	01375.jpg
868	1	0	0	1	00868.jpg
1341	0	0	0	0	01341.jpg
264	0	2	0	0	00264.jpg
23	1	2	0	0	00023.jpg
1335	0	0	0	0	01335.jpg
609	0	2	0	0	00609.jpg
1355	0	0	0	0	01355.jpg
1390	0	0	0	0	01390.jpg
771	0	0	1	0	00771.jpg
773	0	0	2	0	00773.jpg
437	1	0	3	0	00437.jpg
559	0	0	1	1	00559.jpg
531	0	1	1	0	00531.jpg
1129	0	1	0	0	01129.jpg
949	0	0	0	1	00949.jpg
638	1	2	0	0	00638.jpg
1356	0	1	0	0	01356.jpg
70	0	1	0	0	00070.jpg
426	1	2	0	0	00426.jpg
1089	0	0	0	1	01089.jpg
859	1	0	0	1	00859.jpg
490	0	2	0	0	00490.jpg
451	1	2	0	0	00451.jpg
79	1	2	0	0	00079.jpg
714	0	1	1	1	00714.jpg
591	0	2	0	1	00591.jpg
1102	0	0	0	0	01102.jpg
376	0	0	2	0	00376.jpg
756	0	2	0	0	00756.jpg
216	1	2	0	0	00216.jpg
1044	0	0	0	1	01044.jpg
1022	1	0	0	1	01022.jpg
825	1	0	0	1	00825.jpg
410	1	2	0	0	00410.jpg
185	0	1	0	0	00185.jpg
893	0	0	0	1	00893.jpg
1331	0	0	0	0	01331.jpg
1185	0	0	0	0	01185.jpg
25	1	2	0	0	00025.jpg
153	1	2	0	0	00153.jpg
84	0	0	3	0	00084.jpg
52	0	2	0	0	00052.jpg
382	1	0	3	0	00382.jpg
377	0	2	0	0	00377.jpg
164	0	1	0	0	00164.jpg
1239	0	1	0	0	01239.jpg
127	1	0	3	0	00127.jpg
678	0	2	0	0	00678.jpg
204	0	0	3	0	00204.jpg
948	1	0	0	1	00948.jpg
1060	0	2	0	1	01060.jpg
826	1	0	0	1	00826.jpg
654	1	1	0	0	00654.jpg
311	0	2	0	0	00311.jpg
629	1	2	0	0	00629.jpg
1007	1	0	0	1	01007.jpg
327	1	2	0	0	00327.jpg
1276	0	0	0	1	01276.jpg
1157	0	0	0	0	01157.jpg
700	1	0	2	0	00700.jpg
728	1	0	3	1	00728.jpg
939	1	0	0	1	00939.jpg
1207	0	0	0	1	01207.jpg
719	0	0	3	0	00719.jpg
1003	0	2	0	1	01003.jpg
954	1	0	0	1	00954.jpg
819	0	0	0	1	00819.jpg
260	0	2	0	1	00260.jpg
177	1	1	0	0	00177.jpg
809	1	2	0	0	00809.jpg
1107	1	0	0	0	01107.jpg
718	1	0	3	0	00718.jpg
842	1	0	0	1	00842.jpg
353	0	0	2	0	00353.jpg
1097	0	0	0	0	01097.jpg
1145	0	0	0	0	01145.jpg
331	1	0	3	0	00331.jpg
1342	1	1	0	1	01342.jpg
748	1	2	0	0	00748.jpg
938	0	0	0	1	00938.jpg
1085	0	1	0	1	01085.jpg
1382	1	0	0	0	01382.jpg
1078	1	0	0	1	01078.jpg
1144	0	0	0	0	01144.jpg
498	0	2	0	0	00498.jpg
1041	1	0	0	1	01041.jpg
694	1	0	3	0	00694.jpg
214	1	2	0	0	00214.jpg
1006	1	0	0	1	01006.jpg
769	0	1	2	0	00769.jpg
128	0	2	0	0	00128.jpg
420	1	0	2	0	00420.jpg
621	0	1	0	0	00621.jpg
259	0	2	0	0	00259.jpg
1112	1	0	0	0	01112.jpg
320	1	2	0	0	00320.jpg
14	1	0	2	0	00014.jpg
708	1	0	3	0	00708.jpg
507	1	0	0	0	00507.jpg
649	1	2	0	0	00649.jpg
597	0	0	3	0	00597.jpg
8	1	2	0	0	00008.jpg
168	0	1	0	0	00168.jpg
987	1	0	0	1	00987.jpg
792	1	2	0	0	00792.jpg
360	1	0	3	0	00360.jpg
157	0	0	0	0	00157.jpg
820	0	2	0	1	00820.jpg
1235	0	0	0	0	01235.jpg
653	1	1	0	0	00653.jpg
397	1	0	3	0	00397.jpg
832	1	0	0	1	00832.jpg
739	0	0	3	0	00739.jpg
47	0	0	2	0	00047.jpg
1277	0	1	0	0	01277.jpg
1292	0	0	0	0	01292.jpg
966	0	2	0	1	00966.jpg
4	1	2	0	0	00004.jpg
508	1	1	3	0	00508.jpg
62	1	0	3	0	00062.jpg
210	0	1	1	0	00210.jpg
325	0	2	0	0	00325.jpg
231	1	2	0	0	00231.jpg
53	1	2	0	0	00053.jpg
722	1	0	2	0	00722.jpg
998	0	0	0	1	00998.jpg
473	1	0	3	0	00473.jpg
1203	1	0	0	0	01203.jpg
148	0	2	0	0	00148.jpg
870	0	0	0	1	00870.jpg
751	1	0	2	0	00751.jpg
978	0	0	0	1	00978.jpg
952	0	0	0	1	00952.jpg
136	0	1	0	0	00136.jpg
603	0	2	2	0	00603.jpg
36	1	2	0	1	00036.jpg
144	0	2	0	0	00144.jpg
913	0	2	1	1	00913.jpg
636	1	2	0	0	00636.jpg
1328	0	0	0	0	01328.jpg
120	0	2	0	0	00120.jpg
602	0	2	2	0	00602.jpg
971	1	0	0	1	00971.jpg
1165	0	0	0	0	01165.jpg
466	0	0	1	0	00466.jpg
928	0	2	0	1	00928.jpg
1389	0	1	0	0	01389.jpg
600	0	1	0	0	00600.jpg
736	1	2	0	0	00736.jpg
723	1	0	1	0	00723.jpg
1114	1	0	0	0	01114.jpg
1268	1	0	0	0	01268.jpg
1181	0	0	0	0	01181.jpg
821	0	0	0	1	00821.jpg
871	1	2	0	1	00871.jpg
671	0	2	0	0	00671.jpg
662	1	1	0	0	00662.jpg
494	0	0	1	0	00494.jpg
1400	0	0	0	1	01400.jpg
1132	0	0	0	0	01132.jpg
733	1	0	3	0	00733.jpg
1298	1	0	0	0	01298.jpg
887	0	2	0	1	00887.jpg
439	1	0	3	0	00439.jpg
731	1	0	3	0	00731.jpg
918	1	0	0	1	00918.jpg
1074	0	0	0	1	01074.jpg
250	0	0	2	1	00250.jpg
161	1	2	0	0	00161.jpg
83	0	2	0	0	00083.jpg
988	0	0	0	1	00988.jpg
391	1	0	3	0	00391.jpg
258	1	2	0	1	00258.jpg
234	0	0	2	0	00234.jpg
1327	0	0	0	0	01327.jpg
415	1	0	2	0	00415.jpg
847	0	0	0	1	00847.jpg
129	1	2	0	0	00129.jpg
632	0	2	0	0	00632.jpg
1128	0	0	0	0	01128.jpg
184	0	1	0	0	00184.jpg
1183	0	0	0	0	01183.jpg
75	1	2	0	0	00075.jpg
1365	0	0	0	0	01365.jpg
850	1	0	0	1	00850.jpg
199	1	0	1	0	00199.jpg
528	1	0	3	0	00528.jpg
1043	0	0	0	1	01043.jpg
1411	0	0	0	1	01411.jpg
398	1	0	3	0	00398.jpg
380	1	2	0	0	00380.jpg
1024	1	0	0	1	01024.jpg
73	1	2	0	0	00073.jpg
958	1	0	0	1	00958.jpg
833	1	0	0	1	00833.jpg
1062	1	2	0	1	01062.jpg
882	0	0	0	1	00882.jpg
1409	1	0	0	0	01409.jpg
553	0	0	1	1	00553.jpg
919	1	0	0	1	00919.jpg
406	1	0	2	0	00406.jpg
456	1	0	2	0	00456.jpg
1221	1	0	0	0	01221.jpg
665	1	1	0	0	00665.jpg
430	0	2	0	0	00430.jpg
167	0	1	0	0	00167.jpg
743	1	0	2	0	00743.jpg
1053	0	0	0	1	01053.jpg
675	1	2	0	0	00675.jpg
1371	1	1	0	1	01371.jpg
197	0	1	0	0	00197.jpg
1131	0	0	0	0	01131.jpg
973	1	0	0	1	00973.jpg
584	1	2	3	0	00584.jpg
20	1	0	2	0	00020.jpg
1096	0	0	0	0	01096.jpg
1338	1	0	0	0	01338.jpg
999	0	1	0	1	00999.jpg
1184	0	0	0	0	01184.jpg
822	0	0	0	1	00822.jpg
838	1	0	0	1	00838.jpg
530	0	2	0	0	00530.jpg
394	1	2	0	0	00394.jpg
113	1	2	0	0	00113.jpg
422	1	0	1	0	00422.jpg
783	1	0	2	0	00783.jpg
392	0	0	3	0	00392.jpg
525	1	2	0	0	00525.jpg
1046	1	0	0	1	01046.jpg
1143	0	0	0	0	01143.jpg
568	0	0	3	0	00568.jpg
465	1	2	0	1	00465.jpg
1120	1	0	0	0	01120.jpg
1231	0	0	0	0	01231.jpg
1282	0	0	0	1	01282.jpg
517	0	0	2	0	00517.jpg
95	1	2	0	0	00095.jpg
10	1	2	0	0	00010.jpg
109	0	0	0	0	00109.jpg
1110	1	0	0	0	01110.jpg
932	0	0	0	1	00932.jpg
40	1	2	0	0	00040.jpg
102	1	2	0	0	00102.jpg
1325	1	0	0	0	01325.jpg
659	1	1	0	0	00659.jpg
1086	0	2	0	1	01086.jpg
220	1	2	0	0	00220.jpg
1124	0	0	0	0	01124.jpg
103	0	2	0	0	00103.jpg
866	0	2	0	1	00866.jpg
389	1	0	0	0	00389.jpg
779	0	2	2	0	00779.jpg
512	1	0	1	0	00512.jpg
291	1	0	2	0	00291.jpg
1002	1	0	0	1	01002.jpg
642	1	1	0	0	00642.jpg
844	0	0	0	1	00844.jpg
1048	0	0	0	1	01048.jpg
270	0	2	0	1	00270.jpg
580	0	0	2	0	00580.jpg
835	1	0	0	1	00835.jpg
1248	0	1	0	0	01248.jpg
452	1	2	0	0	00452.jpg
414	1	0	2	0	00414.jpg
395	0	2	0	0	00395.jpg
878	1	0	0	1	00878.jpg
401	0	2	0	0	00401.jpg
122	0	2	0	0	00122.jpg
27	1	2	0	0	00027.jpg
565	0	0	3	0	00565.jpg
105	1	0	3	0	00105.jpg
114	1	1	0	0	00114.jpg
90	0	2	0	1	00090.jpg
1334	0	0	0	0	01334.jpg
668	1	1	0	0	00668.jpg
841	0	0	0	1	00841.jpg
48	0	2	0	0	00048.jpg
563	1	0	2	0	00563.jpg
1265	0	1	0	0	01265.jpg
354	1	0	3	0	00354.jpg
386	1	0	2	0	00386.jpg
71	1	2	0	0	00071.jpg
1321	1	0	0	0	01321.jpg
407	1	0	2	0	00407.jpg
215	1	2	0	0	00215.jpg
295	1	2	0	0	00295.jpg
140	1	2	0	0	00140.jpg
171	0	1	0	0	00171.jpg
778	0	2	0	0	00778.jpg
276	1	0	3	1	00276.jpg
1152	0	0	0	0	01152.jpg
484	1	2	0	1	00484.jpg
622	0	1	0	0	00622.jpg
1182	0	0	0	0	01182.jpg
1312	1	0	0	0	01312.jpg
475	0	2	0	0	00475.jpg
121	1	0	2	0	00121.jpg
1194	0	1	0	0	01194.jpg
670	1	2	0	0	00670.jpg
1127	0	0	0	0	01127.jpg
151	0	0	1	1	00151.jpg
448	0	2	0	1	00448.jpg
1197	0	1	0	0	01197.jpg
1217	1	0	0	0	01217.jpg
1293	1	0	0	0	01293.jpg
709	0	0	1	0	00709.jpg
628	0	1	0	0	00628.jpg
1406	0	0	0	0	01406.jpg
635	1	2	0	0	00635.jpg
605	0	1	2	0	00605.jpg
455	1	2	0	1	00455.jpg
690	1	0	3	0	00690.jpg
747	1	0	2	0	00747.jpg
1358	0	0	0	0	01358.jpg
667	1	2	0	0	00667.jpg
1215	0	0	0	0	01215.jpg
17	1	2	0	0	00017.jpg
1135	0	0	0	0	01135.jpg
82	1	0	2	0	00082.jpg
412	1	2	0	0	00412.jpg
318	1	0	2	0	00318.jpg
1083	0	1	0	1	01083.jpg
860	1	0	0	1	00860.jpg
877	1	0	0	1	00877.jpg
299	1	0	1	0	00299.jpg
1297	0	0	0	0	01297.jpg
203	0	0	1	1	00203.jpg
1256	1	0	0	0	01256.jpg
1289	1	0	0	0	01289.jpg
581	1	0	2	0	00581.jpg
1383	0	0	0	0	01383.jpg
1299	1	0	0	0	01299.jpg
424	1	2	0	0	00424.jpg
182	0	1	0	0	00182.jpg
1066	0	0	0	1	01066.jpg
1209	0	0	0	0	01209.jpg
1253	1	1	0	0	01253.jpg
150	0	0	1	1	00150.jpg
1134	0	0	0	0	01134.jpg
333	1	2	0	0	00333.jpg
905	0	0	0	1	00905.jpg
78	0	2	0	0	00078.jpg
501	1	0	2	0	00501.jpg
6	1	2	0	0	00006.jpg
328	1	2	0	0	00328.jpg
1271	0	0	0	1	01271.jpg
513	1	1	3	0	00513.jpg
1381	1	0	0	0	01381.jpg
963	1	0	0	1	00963.jpg
1402	1	0	0	0	01402.jpg
942	1	0	0	1	00942.jpg
218	1	2	0	0	00218.jpg
737	0	0	1	1	00737.jpg
159	1	2	0	0	00159.jpg
251	1	0	3	0	00251.jpg
614	0	2	0	0	00614.jpg
243	1	1	0	0	00243.jpg
91	0	2	0	0	00091.jpg
1015	0	0	0	1	01015.jpg
375	1	0	2	0	00375.jpg
540	1	2	0	0	00540.jpg
641	1	2	0	0	00641.jpg
997	1	0	0	1	00997.jpg
941	1	0	0	1	00941.jpg
1176	1	0	0	0	01176.jpg
435	1	0	0	0	00435.jpg
1082	0	1	0	1	01082.jpg
142	0	2	0	0	00142.jpg
873	1	0	0	1	00873.jpg
60	0	2	0	0	00060.jpg
702	1	0	2	0	00702.jpg
1304	1	0	0	0	01304.jpg
1376	1	0	0	1	01376.jpg
175	0	1	0	0	00175.jpg
1384	1	0	0	1	01384.jpg
532	1	0	2	0	00532.jpg
1308	1	0	0	0	01308.jpg
777	1	0	2	0	00777.jpg
1116	1	0	0	0	01116.jpg
1269	0	0	0	0	01269.jpg
1153	0	0	0	0	01153.jpg
1050	1	2	0	1	01050.jpg
388	1	2	0	0	00388.jpg
544	1	0	2	0	00544.jpg
1254	0	0	0	0	01254.jpg
542	1	2	0	0	00542.jpg
883	0	0	0	1	00883.jpg
575	1	0	3	0	00575.jpg
571	0	0	3	0	00571.jpg
89	0	2	0	0	00089.jpg
309	0	0	1	0	00309.jpg
1201	0	0	0	0	01201.jpg
200	1	0	1	0	00200.jpg
1154	0	0	0	0	01154.jpg
824	1	0	0	1	00824.jpg
574	0	0	1	0	00574.jpg
959	0	2	0	1	00959.jpg
1108	1	0	0	0	01108.jpg
759	1	0	2	0	00759.jpg
239	0	0	1	0	00239.jpg
839	1	0	0	1	00839.jpg
1160	0	0	0	0	01160.jpg
1385	1	0	0	0	01385.jpg
1227	0	0	0	0	01227.jpg
1374	0	0	0	1	01374.jpg
1150	0	0	0	0	01150.jpg
1284	1	0	0	0	01284.jpg
984	0	0	0	1	00984.jpg
181	0	1	0	0	00181.jpg
616	0	2	0	0	00616.jpg
682	0	2	0	0	00682.jpg
206	0	1	0	0	00206.jpg
64	1	0	3	0	00064.jpg
545	0	0	2	1	00545.jpg
663	0	2	0	0	00663.jpg
228	1	2	0	0	00228.jpg
551	1	0	2	0	00551.jpg
21	0	2	0	0	00021.jpg
1387	0	1	0	0	01387.jpg
539	0	2	0	0	00539.jpg
367	1	0	2	0	00367.jpg
523	0	2	0	0	00523.jpg
828	1	0	0	1	00828.jpg
158	0	2	0	0	00158.jpg
1250	1	1	0	0	01250.jpg
981	1	0	0	1	00981.jpg
61	0	1	0	0	00061.jpg
1010	1	0	0	1	01010.jpg
421	1	2	0	0	00421.jpg
469	0	2	0	0	00469.jpg
664	1	1	0	0	00664.jpg
22	1	0	1	0	00022.jpg
701	1	0	1	0	00701.jpg
725	1	0	3	0	00725.jpg
178	1	1	0	0	00178.jpg
991	1	1	0	1	00991.jpg
174	0	1	0	0	00174.jpg
896	1	0	0	1	00896.jpg
1272	1	0	0	1	01272.jpg
1119	1	0	0	0	01119.jpg
1167	0	0	0	0	01167.jpg
639	0	2	0	0	00639.jpg